(dc_env) [shf317@sol LanczosNetwork]$ python load_junk.py
/home/shf317/bin/anaconda3/envs/dc_env/lib/python3.6/site-packages/sklearn/externals/joblib/__init__.py:15: DeprecationWarning: sklearn.externals.joblib is deprecated in 0.21 and will be removed in 0.23. Please import this functionality directly from joblib, which can be installed with: pip install joblib. If this warning is raised when loading pickled models, you may need to re-serialize those models with scikit-learn 0.21+.
  warnings.warn(msg, category=DeprecationWarning)
train <deepchem.data.datasets.DiskDataset object at 0x7fea80253e48>
shape =  ((8,), (8, 12), (8, 12), (8,))
valid <deepchem.data.datasets.DiskDataset object at 0x7fea1d109780>
8
(array([<deepchem.feat.mol_graphs.WeaveMol object at 0x7fea1d109e48>,
       <deepchem.feat.mol_graphs.WeaveMol object at 0x7fea1d109940>,
       <deepchem.feat.mol_graphs.WeaveMol object at 0x7fea1d1095f8>,
       <deepchem.feat.mol_graphs.WeaveMol object at 0x7fea1d1095c0>,
       <deepchem.feat.mol_graphs.WeaveMol object at 0x7fea1d1094e0>,
       <deepchem.feat.mol_graphs.WeaveMol object at 0x7fea1d109828>,
       <deepchem.feat.mol_graphs.WeaveMol object at 0x7fea1d109668>,
       <deepchem.feat.mol_graphs.WeaveMol object at 0x7fea1d109a58>],
      dtype=object), array([[ 1.27151807e+00,  8.71482887e-01,  1.05712461e+00,
         1.32081904e+00,  2.63939313e-01,  1.32093005e+00,
         6.70291353e-01,  1.32089384e+00,  1.32093005e+00,
         1.09149302e+00, -1.46073158e+00,  7.49034684e-01],
       [-7.15113575e-02, -6.47438964e-01,  8.86199128e-01,
         7.54053221e-01, -2.94347483e-01,  7.54047355e-01,
        -7.09252368e-01,  7.54049796e-01,  7.54047355e-01,
         8.14401686e-01, -7.55012619e-01, -6.39128059e-01],
       [-1.62367241e-01, -7.51963195e-01, -1.58420857e-03,
         4.75956542e-01, -1.15311123e+00,  4.75899058e-01,
         2.85419553e-01,  4.75917645e-01,  4.75899058e-01,
        -2.26560072e-01,  1.01156795e+00, -5.78126871e-01],
       [-9.90696429e-01,  3.55778136e-01, -1.51871858e-01,
        -1.32406516e+00, -3.10837871e-01, -1.32405143e+00,
        -1.40658323e+00, -1.32405747e+00, -1.32405143e+00,
        -2.10062888e-01,  1.12405703e+00, -7.71792588e-01],
       [ 1.12728335e+00,  1.88837675e+00, -1.08270325e-01,
        -1.73751938e+00, -1.13623065e+00, -1.73747040e+00,
         1.80322719e+00, -1.73748664e+00, -1.73747040e+00,
        -3.28223282e-01, -2.26156197e-01,  2.31975415e+00],
       [ 6.04072216e-01,  2.99133546e-01,  8.71219381e-01,
         1.27382034e-01,  3.76448657e-01,  1.27357576e-01,
        -9.61580875e-01,  1.27358606e-01,  1.27357576e-01,
         9.30554227e-01,  6.08514508e-01, -7.94984021e-01],
       [-1.92680084e+00, -1.47832755e+00, -2.28756829e+00,
        -3.55336981e-01,  2.16049446e-02, -3.55387263e-01,
        -4.57506124e-01, -3.55363388e-01, -3.55387263e-01,
        -2.24627779e+00,  9.76340986e-01, -2.95293027e-01],
       [ 1.48502239e-01, -5.37041607e-01, -2.65248432e-01,
         7.38710686e-01,  2.23253431e+00,  7.38675058e-01,
         7.75984493e-01,  7.38687615e-01,  7.38675058e-01,
         1.74675105e-01, -1.27858008e+00,  1.05357300e-02]]), array([[1., 1., 1., 1., 1., 1., 1., 1., 1., 1., 1., 1.],
       [1., 1., 1., 1., 1., 1., 1., 1., 1., 1., 1., 1.],
       [1., 1., 1., 1., 1., 1., 1., 1., 1., 1., 1., 1.],
       [1., 1., 1., 1., 1., 1., 1., 1., 1., 1., 1., 1.],
       [1., 1., 1., 1., 1., 1., 1., 1., 1., 1., 1., 1.],
       [1., 1., 1., 1., 1., 1., 1., 1., 1., 1., 1., 1.],
       [1., 1., 1., 1., 1., 1., 1., 1., 1., 1., 1., 1.],
       [1., 1., 1., 1., 1., 1., 1., 1., 1., 1., 1., 1.]]), array(['[H]C([H])([H])C#CC([H])([H])C([H])(C([H])([H])[H])C([H])([H])C([H])([H])C([H])([H])[H]',
       '[H]C#CC([H])([H])C1([H])C([H])([H])OC1([H])C([H])([H])C([H])([H])[H]',
       '[H]C1=C(C([H])([H])[H])C([H])(C#N)C2([H])C([H])([H])C2([H])C1([H])[H]',
       '[H]C#CC(C(=O)[O-])(C([H])([H])O[H])[N+]([H])([H])C([H])([H])[H]',
       '[H]C#CC([H])([H])C1([H])/C([H])=C(/[H])C([H])(C([H])([H])[H])OC([H])([H])OC1([H])[H]',
       '[H]OC1([H])C([H])([H])C1([H])C([H])([H])C(O[H])(C([H])([H])[H])C([H])([H])[H]',
       '[H]C1=C([H])N(C(=O)C#N)C([H])=C1C([H])([H])[H]',
       '[H]C#CC([H])([H])C1([H])C([H])([H])C2=C([H])C([H])([H])C([H])([H])C21[H]'],
      dtype=object))
